This is pdfTeX, Version 3.141592653-2.6-1.40.25 (MiKTeX 23.4) (preloaded format=pdflatex 2023.7.19)  8 AUG 2023 01:39
entering extended mode
 restricted \write18 enabled.
 %&-line parsing enabled.
**./stella_vslam_manual.tex
(stella_vslam_manual.tex
LaTeX2e <2022-11-01> patch level 1
L3 programming layer <2023-03-30> (S:\MikTex\tex/latex/base\book.cls
Document Class: book 2022/07/02 v1.4n Standard LaTeX document class
(S:\MikTex\tex/latex/base\bk12.clo
File: bk12.clo 2022/07/02 v1.4n Standard LaTeX file (size option)
)
\c@part=\count185
\c@chapter=\count186
\c@section=\count187
\c@subsection=\count188
\c@subsubsection=\count189
\c@paragraph=\count190
\c@subparagraph=\count191
\c@figure=\count192
\c@table=\count193
\abovecaptionskip=\skip48
\belowcaptionskip=\skip49
\bibindent=\dimen140
) (S:\MikTex\tex/latex/graphics\graphicx.sty
Package: graphicx 2021/09/16 v1.2d Enhanced LaTeX Graphics (DPC,SPQR)
(S:\MikTex\tex/latex/graphics\keyval.sty
Package: keyval 2022/05/29 v1.15 key=value parser (DPC)
\KV@toks@=\toks16
)
(S:\MikTex\tex/latex/graphics\graphics.sty
Package: graphics 2022/03/10 v1.4e Standard LaTeX Graphics (DPC,SPQR)

(S:\MikTex\tex/latex/graphics\trig.sty
Package: trig 2021/08/11 v1.11 sin cos tan (DPC)
)
(S:\MikTex\tex/latex/graphics-cfg\graphics.cfg
File: graphics.cfg 2016/06/04 v1.11 sample graphics configuration
)
Package graphics Info: Driver file: pdftex.def on input line 107.

(S:\MikTex\tex/latex/graphics-def\pdftex.def
File: pdftex.def 2022/09/22 v1.2b Graphics/color driver for pdftex
))
\Gin@req@height=\dimen141
\Gin@req@width=\dimen142
)
(S:\MikTex\tex/latex/hyperref\hyperref.sty
Package: hyperref 2023-02-07 v7.00v Hypertext links for LaTeX

(S:\MikTex\tex/generic/ltxcmds\ltxcmds.sty
Package: ltxcmds 2020-05-10 v1.25 LaTeX kernel commands for general use (HO)
)
(S:\MikTex\tex/generic/iftex\iftex.sty
Package: iftex 2022/02/03 v1.0f TeX engine tests
)
(S:\MikTex\tex/generic/pdftexcmds\pdftexcmds.sty
Package: pdftexcmds 2020-06-27 v0.33 Utility functions of pdfTeX for LuaTeX (HO
)

(S:\MikTex\tex/generic/infwarerr\infwarerr.sty
Package: infwarerr 2019/12/03 v1.5 Providing info/warning/error messages (HO)
)
Package pdftexcmds Info: \pdf@primitive is available.
Package pdftexcmds Info: \pdf@ifprimitive is available.
Package pdftexcmds Info: \pdfdraftmode found.
)
(S:\MikTex\tex/latex/kvsetkeys\kvsetkeys.sty
Package: kvsetkeys 2022-10-05 v1.19 Key value parser (HO)
)
(S:\MikTex\tex/generic/kvdefinekeys\kvdefinekeys.sty
Package: kvdefinekeys 2019-12-19 v1.6 Define keys (HO)
)
(S:\MikTex\tex/generic/pdfescape\pdfescape.sty
Package: pdfescape 2019/12/09 v1.15 Implements pdfTeX's escape features (HO)
)
(S:\MikTex\tex/latex/hycolor\hycolor.sty
Package: hycolor 2020-01-27 v1.10 Color options for hyperref/bookmark (HO)
)
(S:\MikTex\tex/latex/letltxmacro\letltxmacro.sty
Package: letltxmacro 2019/12/03 v1.6 Let assignment for LaTeX macros (HO)
)
(S:\MikTex\tex/latex/auxhook\auxhook.sty
Package: auxhook 2019-12-17 v1.6 Hooks for auxiliary files (HO)
)
(S:\MikTex\tex/latex/hyperref\nameref.sty
Package: nameref 2022-05-17 v2.50 Cross-referencing by name of section

(S:\MikTex\tex/latex/refcount\refcount.sty
Package: refcount 2019/12/15 v3.6 Data extraction from label references (HO)
)
(S:\MikTex\tex/generic/gettitlestring\gettitlestring.sty
Package: gettitlestring 2019/12/15 v1.6 Cleanup title references (HO)

(S:\MikTex\tex/latex/kvoptions\kvoptions.sty
Package: kvoptions 2022-06-15 v3.15 Key value format for package options (HO)
))
\c@section@level=\count194
)
\@linkdim=\dimen143
\Hy@linkcounter=\count195
\Hy@pagecounter=\count196

(S:\MikTex\tex/latex/hyperref\pd1enc.def
File: pd1enc.def 2023-02-07 v7.00v Hyperref: PDFDocEncoding definition (HO)
Now handling font encoding PD1 ...
... no UTF-8 mapping file for font encoding PD1
)
(S:\MikTex\tex/generic/intcalc\intcalc.sty
Package: intcalc 2019/12/15 v1.3 Expandable calculations with integers (HO)
)
(S:\MikTex\tex/generic/etexcmds\etexcmds.sty
Package: etexcmds 2019/12/15 v1.7 Avoid name clashes with e-TeX commands (HO)
)
\Hy@SavedSpaceFactor=\count197

(S:\MikTex\tex/latex/hyperref\puenc.def
File: puenc.def 2023-02-07 v7.00v Hyperref: PDF Unicode definition (HO)
Now handling font encoding PU ...
... no UTF-8 mapping file for font encoding PU
)
Package hyperref Info: Hyper figures OFF on input line 4177.
Package hyperref Info: Link nesting OFF on input line 4182.
Package hyperref Info: Hyper index ON on input line 4185.
Package hyperref Info: Plain pages OFF on input line 4192.
Package hyperref Info: Backreferencing OFF on input line 4197.
Package hyperref Info: Implicit mode ON; LaTeX internals redefined.
Package hyperref Info: Bookmarks ON on input line 4425.
\c@Hy@tempcnt=\count198
 (S:\MikTex\tex/latex/url\url.sty
\Urlmuskip=\muskip16
Package: url 2013/09/16  ver 3.4  Verb mode for urls, etc.
)
LaTeX Info: Redefining \url on input line 4763.
\XeTeXLinkMargin=\dimen144

(S:\MikTex\tex/generic/bitset\bitset.sty
Package: bitset 2019/12/09 v1.3 Handle bit-vector datatype (HO)

(S:\MikTex\tex/generic/bigintcalc\bigintcalc.sty
Package: bigintcalc 2019/12/15 v1.5 Expandable calculations on big integers (HO
)
))
\Fld@menulength=\count199
\Field@Width=\dimen145
\Fld@charsize=\dimen146
Package hyperref Info: Hyper figures OFF on input line 6042.
Package hyperref Info: Link nesting OFF on input line 6047.
Package hyperref Info: Hyper index ON on input line 6050.
Package hyperref Info: backreferencing OFF on input line 6057.
Package hyperref Info: Link coloring OFF on input line 6062.
Package hyperref Info: Link coloring with OCG OFF on input line 6067.
Package hyperref Info: PDF/A mode OFF on input line 6072.

(S:\MikTex\tex/latex/base\atbegshi-ltx.sty
Package: atbegshi-ltx 2021/01/10 v1.0c Emulation of the original atbegshi
package with kernel methods
)
\Hy@abspage=\count266
\c@Item=\count267
\c@Hfootnote=\count268
)
Package hyperref Info: Driver (autodetected): hpdftex.

(S:\MikTex\tex/latex/hyperref\hpdftex.def
File: hpdftex.def 2023-02-07 v7.00v Hyperref driver for pdfTeX

(S:\MikTex\tex/latex/base\atveryend-ltx.sty
Package: atveryend-ltx 2020/08/19 v1.0a Emulation of the original atveryend pac
kage
with kernel methods
)
\Fld@listcount=\count269
\c@bookmark@seq@number=\count270

(S:\MikTex\tex/latex/rerunfilecheck\rerunfilecheck.sty
Package: rerunfilecheck 2022-07-10 v1.10 Rerun checks for auxiliary files (HO)

(S:\MikTex\tex/generic/uniquecounter\uniquecounter.sty
Package: uniquecounter 2019/12/15 v1.4 Provide unlimited unique counter (HO)
)
Package uniquecounter Info: New unique counter `rerunfilecheck' on input line 2
85.
)
\Hy@SectionHShift=\skip50
)
(S:\MikTex\tex/latex/float\float.sty
Package: float 2001/11/08 v1.3d Float enhancements (AL)
\c@float@type=\count271
\float@exts=\toks17
\float@box=\box51
\@float@everytoks=\toks18
\@floatcapt=\box52
)
(S:\MikTex\tex/latex/adjustbox\adjustbox.sty
Package: adjustbox 2022/10/17 v1.3a Adjusting TeX boxes (trim, clip, ...)

(S:\MikTex\tex/latex/xkeyval\xkeyval.sty
Package: xkeyval 2022/06/16 v2.9 package option processing (HA)

(S:\MikTex\tex/generic/xkeyval\xkeyval.tex
(S:\MikTex\tex/generic/xkeyval\xkvutils.tex
\XKV@toks=\toks19
\XKV@tempa@toks=\toks20
)
\XKV@depth=\count272
File: xkeyval.tex 2014/12/03 v2.7a key=value parser (HA)
))
(S:\MikTex\tex/latex/adjustbox\adjcalc.sty
Package: adjcalc 2012/05/16 v1.1 Provides advanced setlength with multiple back
-ends (calc, etex, pgfmath)
)
(S:\MikTex\tex/latex/adjustbox\trimclip.sty
Package: trimclip 2020/08/19 v1.2 Trim and clip general TeX material

(S:\MikTex\tex/latex/collectbox\collectbox.sty
Package: collectbox 2022/10/17 v0.4c Collect macro arguments as boxes
\collectedbox=\box53
)
\tc@llx=\dimen147
\tc@lly=\dimen148
\tc@urx=\dimen149
\tc@ury=\dimen150
Package trimclip Info: Using driver 'tc-pdftex.def'.

(S:\MikTex\tex/latex/adjustbox\tc-pdftex.def
File: tc-pdftex.def 2019/01/04 v2.2 Clipping driver for pdftex
))
\adjbox@Width=\dimen151
\adjbox@Height=\dimen152
\adjbox@Depth=\dimen153
\adjbox@Totalheight=\dimen154
\adjbox@pwidth=\dimen155
\adjbox@pheight=\dimen156
\adjbox@pdepth=\dimen157
\adjbox@ptotalheight=\dimen158

(S:\MikTex\tex/latex/ifoddpage\ifoddpage.sty
Package: ifoddpage 2022/10/18 v1.2 Conditionals for odd/even page detection
\c@checkoddpage=\count273
)
(S:\MikTex\tex/latex/varwidth\varwidth.sty
Package: varwidth 2009/03/30 ver 0.92;  Variable-width minipages
\@vwid@box=\box54
\sift@deathcycles=\count274
\@vwid@loff=\dimen159
\@vwid@roff=\dimen160
))
(S:\MikTex\tex/latex/listings\listings.sty
\lst@mode=\count275
\lst@gtempboxa=\box55
\lst@token=\toks21
\lst@length=\count276
\lst@currlwidth=\dimen161
\lst@column=\count277
\lst@pos=\count278
\lst@lostspace=\dimen162
\lst@width=\dimen163
\lst@newlines=\count279
\lst@lineno=\count280
\lst@maxwidth=\dimen164

(S:\MikTex\tex/latex/listings\lstmisc.sty
File: lstmisc.sty 2023/02/27 1.9 (Carsten Heinz)
\c@lstnumber=\count281
\lst@skipnumbers=\count282
\lst@framebox=\box56
)
(S:\MikTex\tex/latex/listings\listings.cfg
File: listings.cfg 2023/02/27 1.9 listings configuration
))
Package: listings 2023/02/27 1.9 (Carsten Heinz)

(S:\MikTex\tex/latex/l3backend\l3backend-pdftex.def
File: l3backend-pdftex.def 2023-03-30 L3 backend support: PDF output (pdfTeX)
\l__color_backend_stack_int=\count283
\l__pdf_internal_box=\box57
) (stella_vslam_manual.aux)
\openout1 = `stella_vslam_manual.aux'.

LaTeX Font Info:    Checking defaults for OML/cmm/m/it on input line 10.
LaTeX Font Info:    ... okay on input line 10.
LaTeX Font Info:    Checking defaults for OMS/cmsy/m/n on input line 10.
LaTeX Font Info:    ... okay on input line 10.
LaTeX Font Info:    Checking defaults for OT1/cmr/m/n on input line 10.
LaTeX Font Info:    ... okay on input line 10.
LaTeX Font Info:    Checking defaults for T1/cmr/m/n on input line 10.
LaTeX Font Info:    ... okay on input line 10.
LaTeX Font Info:    Checking defaults for TS1/cmr/m/n on input line 10.
LaTeX Font Info:    ... okay on input line 10.
LaTeX Font Info:    Checking defaults for OMX/cmex/m/n on input line 10.
LaTeX Font Info:    ... okay on input line 10.
LaTeX Font Info:    Checking defaults for U/cmr/m/n on input line 10.
LaTeX Font Info:    ... okay on input line 10.
LaTeX Font Info:    Checking defaults for PD1/pdf/m/n on input line 10.
LaTeX Font Info:    ... okay on input line 10.
LaTeX Font Info:    Checking defaults for PU/pdf/m/n on input line 10.
LaTeX Font Info:    ... okay on input line 10.

(S:\MikTex\tex/context/base/mkii\supp-pdf.mkii
[Loading MPS to PDF converter (version 2006.09.02).]
\scratchcounter=\count284
\scratchdimen=\dimen165
\scratchbox=\box58
\nofMPsegments=\count285
\nofMParguments=\count286
\everyMPshowfont=\toks22
\MPscratchCnt=\count287
\MPscratchDim=\dimen166
\MPnumerator=\count288
\makeMPintoPDFobject=\count289
\everyMPtoPDFconversion=\toks23
) (S:\MikTex\tex/latex/epstopdf-pkg\epstopdf-base.sty
Package: epstopdf-base 2020-01-24 v2.11 Base part for package epstopdf
Package epstopdf-base Info: Redefining graphics rule for `.eps' on input line 4
85.

(S:\MikTex\tex/latex/00miktex\epstopdf-sys.cfg
File: epstopdf-sys.cfg 2021/03/18 v2.0 Configuration of epstopdf for MiKTeX
))
Package hyperref Info: Link coloring OFF on input line 10.
 (stella_vslam_manual.out)
(stella_vslam_manual.out)
\@outlinefile=\write3
\openout3 = `stella_vslam_manual.out'.

\c@lstlisting=\count290
LaTeX Font Info:    External font `cmex10' loaded for size
(Font)              <14.4> on input line 18.
LaTeX Font Info:    External font `cmex10' loaded for size
(Font)              <7> on input line 18.
 [1


{C:/Users/Bazylax/AppData/Local/MiKTeX/fonts/map/pdftex/pdftex.map}] (stella_vs
lam_manual.toc
LaTeX Font Info:    External font `cmex10' loaded for size
(Font)              <12> on input line 2.
LaTeX Font Info:    External font `cmex10' loaded for size
(Font)              <8> on input line 2.
LaTeX Font Info:    External font `cmex10' loaded for size
(Font)              <6> on input line 2.
)
\tf@toc=\write4
\openout4 = `stella_vslam_manual.toc'.


pdfTeX warning (ext4): destination with the same identifier (name{page.1}) has 
been already used, duplicate ignored
<to be read again> 
                   \relax 
l.21 \mainmatter
                 [1

] [2

]
Chapter 1.
<./images//copy_paste1.png, id=102, 343.2825pt x 289.08pt>
File: ./images//copy_paste1.png Graphic file (type png)
<use ./images//copy_paste1.png>
Package pdftex.def Info: ./images//copy_paste1.png  used on input line 37.
(pdftex.def)             Requested size: 288.50134pt x 242.94463pt.

Underfull \vbox (badness 7326) has occurred while \output is active []


pdfTeX warning (ext4): destination with the same identifier (name{page.1}) has 
been already used, duplicate ignored
<to be read again> 
                   \relax 
l.43 	\item \begin
                  {minipage}[t]{\linewidth} [1

]
<./images//copy_paste2.png, id=110, 344.78813pt x 395.97937pt>
File: ./images//copy_paste2.png Graphic file (type png)
<use ./images//copy_paste2.png>
Package pdftex.def Info: ./images//copy_paste2.png  used on input line 46.
(pdftex.def)             Requested size: 288.50134pt x 331.33946pt.

Underfull \vbox (badness 10000) has occurred while \output is active []


pdfTeX warning (ext4): destination with the same identifier (name{page.2}) has 
been already used, duplicate ignored
<to be read again> 
                   \relax 
l.52 	\item N
             ow search and install system updates by using commands: [2 <./imag
es//copy_paste1.png>] [3 <./images//copy_paste2.png>]
Overfull \hbox (49.50941pt too wide) in paragraph at lines 97--99
[]\OT1/cmr/m/n/12 wget -O vcpkg.tar.gz https://github.com/microsoft/vcpkg/archi
ve/master.tar.gz
 []

[4] [5] [6

]
Chapter 2.
[7]
LaTeX Font Info:    Trying to load font information for OMS+cmr on input line 2
22.
 (S:\MikTex\tex/latex/base\omscmr.fd
File: omscmr.fd 2022/07/10 v2.5l Standard LaTeX font definitions
)
LaTeX Font Info:    Font shape `OMS/cmr/m/n' in size <12> not available
(Font)              Font shape `OMS/cmsy/m/n' tried instead on input line 222.

Overfull \hbox (53.03603pt too wide) in paragraph at lines 222--227
| [][]\OT1/cmtt/m/n/12 -DCMAKE_TOOLCHAIN_FILE[]\OT1/cmr/m/n/12 =/opt/vcpkg/scri
pts/buildsystems/vcpkg.cmake 
 []

[8] [9]
Overfull \hbox (0.13908pt too wide) has occurred while \output is active
\OT1/cmr/m/n/12 10 \OT1/cmr/m/sl/12 CHAPTER 2.  INSTALL LIBRARIES REQUIRED BY S
TELLA-VSLAM
 []

[10

]
Chapter 3.

Overfull \hbox (24.58328pt too wide) in paragraph at lines 239--240
[][]\OT1/cmtt/m/n/12 -DCMAKE_TOOLCHAIN_FILE[]\OT1/cmr/m/n/12 =/opt/vcpkg/script
s/buildsystems/vcpkg.cmake 
 []

<./images//CMakeLists.png, id=151, 980.16188pt x 543.53062pt>
File: ./images//CMakeLists.png Graphic file (type png)
<use ./images//CMakeLists.png>
Package pdftex.def Info: ./images//CMakeLists.png  used on input line 249.
(pdftex.def)             Requested size: 288.50134pt x 159.9835pt.

Underfull \vbox (badness 6332) has occurred while \output is active []

 [11]
Overfull \hbox (46.45216pt too wide) in paragraph at lines 264--265
[]\OT1/cmr/m/n/12 git clone -b 0.0.1 \OT1/cmtt/m/n/12 --\OT1/cmr/m/n/12 recursi
ve https://github.com/stella-cv/[][]\OT1/cmtt/m/n/12 pangolin_viewer[]\OT1/cmr/
m/n/12 .git 
 []


Overfull \hbox (24.58328pt too wide) in paragraph at lines 267--268
[][]\OT1/cmtt/m/n/12 -DCMAKE_TOOLCHAIN_FILE[]\OT1/cmr/m/n/12 =/opt/vcpkg/script
s/buildsystems/vcpkg.cmake 
 []


Underfull \hbox (badness 10000) in paragraph at lines 273--274

 []

[12 <./images//CMakeLists.png>]
Overfull \hbox (83.50218pt too wide) in paragraph at lines 289--290
[]\OT1/cmr/m/n/12 git clone -b 0.0.1 \OT1/cmtt/m/n/12 --\OT1/cmr/m/n/12 recursi
ve https://github.com/stella-cv/[][]\OT1/cmtt/m/n/12 stella_vslam_examples[]\OT
1/cmr/m/n/12 .git 
 []


Overfull \hbox (52.65114pt too wide) in paragraph at lines 292--296
\OT1/cmr/m/n/12 -S ../ [][]\OT1/cmtt/m/n/12 -DCMAKE_TOOLCHAIN_FILE[]\OT1/cmr/m/
n/12 =/opt/vcpkg/scripts/buildsystems/vcpkg.cmake 
 []


Underfull \hbox (badness 10000) in paragraph at lines 301--302

 []

[13] (stella_vslam_manual.aux)
Package rerunfilecheck Info: File `stella_vslam_manual.out' has not changed.
(rerunfilecheck)             Checksum: 8934AE8CFE3610A72E055DDC7C28AC98;2297.
 ) 
Here is how much of TeX's memory you used:
 10811 strings out of 476331
 170045 string characters out of 5804174
 1856660 words of memory out of 5000000
 31085 multiletter control sequences out of 15000+600000
 519127 words of font info for 55 fonts, out of 8000000 for 9000
 1141 hyphenation exceptions out of 8191
 75i,6n,76p,321b,510s stack positions out of 10000i,1000n,20000p,200000b,200000s
 <C:\Users\Bazylax\AppData\Local\MiKTeX\fonts/pk/ljfour/jknappen/ec/dpi600\tc
rm1200.pk><S:/MikTex/fonts/type1/public/amsfonts/cm/cmbx12.pfb><S:/MikTex/fonts
/type1/public/amsfonts/cm/cmitt10.pfb><S:/MikTex/fonts/type1/public/amsfonts/cm
/cmr12.pfb><S:/MikTex/fonts/type1/public/amsfonts/cm/cmr17.pfb><S:/MikTex/fonts
/type1/public/amsfonts/cm/cmsl12.pfb><S:/MikTex/fonts/type1/public/amsfonts/cm/
cmsy10.pfb><S:/MikTex/fonts/type1/public/amsfonts/cm/cmti12.pfb><S:/MikTex/font
s/type1/public/amsfonts/cm/cmtt12.pfb>
Output written on stella_vslam_manual.pdf (16 pages, 315450 bytes).
PDF statistics:
 212 PDF objects out of 1000 (max. 8388607)
 31 named destinations out of 1000 (max. 500000)
 144 words of extra memory for PDF output out of 10000 (max. 10000000)

