This is pdfTeX, Version 3.141592653-2.6-1.40.25 (MiKTeX 23.4) (preloaded format=pdflatex 2023.7.19)  25 AUG 2023 19:02
entering extended mode
 restricted \write18 enabled.
 %&-line parsing enabled.
**./frames_extractor_manual.tex
(frames_extractor_manual.tex
LaTeX2e <2022-11-01> patch level 1
L3 programming layer <2023-03-30> (S:\MikTex\tex/latex/base\article.cls
Document Class: article 2022/07/02 v1.4n Standard LaTeX document class
(S:\MikTex\tex/latex/base\size12.clo
File: size12.clo 2022/07/02 v1.4n Standard LaTeX file (size option)
)
\c@part=\count185
\c@section=\count186
\c@subsection=\count187
\c@subsubsection=\count188
\c@paragraph=\count189
\c@subparagraph=\count190
\c@figure=\count191
\c@table=\count192
\abovecaptionskip=\skip48
\belowcaptionskip=\skip49
\bibindent=\dimen140
)
(S:\MikTex\tex/latex/graphics\graphicx.sty
Package: graphicx 2021/09/16 v1.2d Enhanced LaTeX Graphics (DPC,SPQR)

(S:\MikTex\tex/latex/graphics\keyval.sty
Package: keyval 2022/05/29 v1.15 key=value parser (DPC)
\KV@toks@=\toks16
)
(S:\MikTex\tex/latex/graphics\graphics.sty
Package: graphics 2022/03/10 v1.4e Standard LaTeX Graphics (DPC,SPQR)

(S:\MikTex\tex/latex/graphics\trig.sty
Package: trig 2021/08/11 v1.11 sin cos tan (DPC)
)
(S:\MikTex\tex/latex/graphics-cfg\graphics.cfg
File: graphics.cfg 2016/06/04 v1.11 sample graphics configuration
)
Package graphics Info: Driver file: pdftex.def on input line 107.

(S:\MikTex\tex/latex/graphics-def\pdftex.def
File: pdftex.def 2022/09/22 v1.2b Graphics/color driver for pdftex
))
\Gin@req@height=\dimen141
\Gin@req@width=\dimen142
)
(S:\MikTex\tex/latex/float\float.sty
Package: float 2001/11/08 v1.3d Float enhancements (AL)
\c@float@type=\count193
\float@exts=\toks17
\float@box=\box51
\@float@everytoks=\toks18
\@floatcapt=\box52
) (S:\MikTex\tex/latex/base\fontenc.sty
Package: fontenc 2021/04/29 v2.0v Standard LaTeX package
)
(S:\MikTex\tex/latex/hyperref\hyperref.sty
Package: hyperref 2023-02-07 v7.00v Hypertext links for LaTeX

(S:\MikTex\tex/generic/ltxcmds\ltxcmds.sty
Package: ltxcmds 2020-05-10 v1.25 LaTeX kernel commands for general use (HO)
)
(S:\MikTex\tex/generic/iftex\iftex.sty
Package: iftex 2022/02/03 v1.0f TeX engine tests
)
(S:\MikTex\tex/generic/pdftexcmds\pdftexcmds.sty
Package: pdftexcmds 2020-06-27 v0.33 Utility functions of pdfTeX for LuaTeX (HO
)

(S:\MikTex\tex/generic/infwarerr\infwarerr.sty
Package: infwarerr 2019/12/03 v1.5 Providing info/warning/error messages (HO)
)
Package pdftexcmds Info: \pdf@primitive is available.
Package pdftexcmds Info: \pdf@ifprimitive is available.
Package pdftexcmds Info: \pdfdraftmode found.
)
(S:\MikTex\tex/latex/kvsetkeys\kvsetkeys.sty
Package: kvsetkeys 2022-10-05 v1.19 Key value parser (HO)
)
(S:\MikTex\tex/generic/kvdefinekeys\kvdefinekeys.sty
Package: kvdefinekeys 2019-12-19 v1.6 Define keys (HO)
)
(S:\MikTex\tex/generic/pdfescape\pdfescape.sty
Package: pdfescape 2019/12/09 v1.15 Implements pdfTeX's escape features (HO)
)
(S:\MikTex\tex/latex/hycolor\hycolor.sty
Package: hycolor 2020-01-27 v1.10 Color options for hyperref/bookmark (HO)
)
(S:\MikTex\tex/latex/letltxmacro\letltxmacro.sty
Package: letltxmacro 2019/12/03 v1.6 Let assignment for LaTeX macros (HO)
)
(S:\MikTex\tex/latex/auxhook\auxhook.sty
Package: auxhook 2019-12-17 v1.6 Hooks for auxiliary files (HO)
)
(S:\MikTex\tex/latex/hyperref\nameref.sty
Package: nameref 2022-05-17 v2.50 Cross-referencing by name of section

(S:\MikTex\tex/latex/refcount\refcount.sty
Package: refcount 2019/12/15 v3.6 Data extraction from label references (HO)
)
(S:\MikTex\tex/generic/gettitlestring\gettitlestring.sty
Package: gettitlestring 2019/12/15 v1.6 Cleanup title references (HO)

(S:\MikTex\tex/latex/kvoptions\kvoptions.sty
Package: kvoptions 2022-06-15 v3.15 Key value format for package options (HO)
))
\c@section@level=\count194
)
\@linkdim=\dimen143
\Hy@linkcounter=\count195
\Hy@pagecounter=\count196

(S:\MikTex\tex/latex/hyperref\pd1enc.def
File: pd1enc.def 2023-02-07 v7.00v Hyperref: PDFDocEncoding definition (HO)
Now handling font encoding PD1 ...
... no UTF-8 mapping file for font encoding PD1
)
(S:\MikTex\tex/generic/intcalc\intcalc.sty
Package: intcalc 2019/12/15 v1.3 Expandable calculations with integers (HO)
)
(S:\MikTex\tex/generic/etexcmds\etexcmds.sty
Package: etexcmds 2019/12/15 v1.7 Avoid name clashes with e-TeX commands (HO)
)
\Hy@SavedSpaceFactor=\count197

(S:\MikTex\tex/latex/hyperref\puenc.def
File: puenc.def 2023-02-07 v7.00v Hyperref: PDF Unicode definition (HO)
Now handling font encoding PU ...
... no UTF-8 mapping file for font encoding PU
)
Package hyperref Info: Hyper figures OFF on input line 4177.
Package hyperref Info: Link nesting OFF on input line 4182.
Package hyperref Info: Hyper index ON on input line 4185.
Package hyperref Info: Plain pages OFF on input line 4192.
Package hyperref Info: Backreferencing OFF on input line 4197.
Package hyperref Info: Implicit mode ON; LaTeX internals redefined.
Package hyperref Info: Bookmarks ON on input line 4425.
\c@Hy@tempcnt=\count198
 (S:\MikTex\tex/latex/url\url.sty
\Urlmuskip=\muskip16
Package: url 2013/09/16  ver 3.4  Verb mode for urls, etc.
)
LaTeX Info: Redefining \url on input line 4763.
\XeTeXLinkMargin=\dimen144

(S:\MikTex\tex/generic/bitset\bitset.sty
Package: bitset 2019/12/09 v1.3 Handle bit-vector datatype (HO)

(S:\MikTex\tex/generic/bigintcalc\bigintcalc.sty
Package: bigintcalc 2019/12/15 v1.5 Expandable calculations on big integers (HO
)
))
\Fld@menulength=\count199
\Field@Width=\dimen145
\Fld@charsize=\dimen146
Package hyperref Info: Hyper figures OFF on input line 6042.
Package hyperref Info: Link nesting OFF on input line 6047.
Package hyperref Info: Hyper index ON on input line 6050.
Package hyperref Info: backreferencing OFF on input line 6057.
Package hyperref Info: Link coloring OFF on input line 6062.
Package hyperref Info: Link coloring with OCG OFF on input line 6067.
Package hyperref Info: PDF/A mode OFF on input line 6072.

(S:\MikTex\tex/latex/base\atbegshi-ltx.sty
Package: atbegshi-ltx 2021/01/10 v1.0c Emulation of the original atbegshi
package with kernel methods
)
\Hy@abspage=\count266
\c@Item=\count267
\c@Hfootnote=\count268
)
Package hyperref Info: Driver (autodetected): hpdftex.

(S:\MikTex\tex/latex/hyperref\hpdftex.def
File: hpdftex.def 2023-02-07 v7.00v Hyperref driver for pdfTeX

(S:\MikTex\tex/latex/base\atveryend-ltx.sty
Package: atveryend-ltx 2020/08/19 v1.0a Emulation of the original atveryend pac
kage
with kernel methods
)
\Fld@listcount=\count269
\c@bookmark@seq@number=\count270

(S:\MikTex\tex/latex/rerunfilecheck\rerunfilecheck.sty
Package: rerunfilecheck 2022-07-10 v1.10 Rerun checks for auxiliary files (HO)

(S:\MikTex\tex/generic/uniquecounter\uniquecounter.sty
Package: uniquecounter 2019/12/15 v1.4 Provide unlimited unique counter (HO)
)
Package uniquecounter Info: New unique counter `rerunfilecheck' on input line 2
85.
)
\Hy@SectionHShift=\skip50
)
(S:\MikTex\tex/latex/adjustbox\adjustbox.sty
Package: adjustbox 2022/10/17 v1.3a Adjusting TeX boxes (trim, clip, ...)

(S:\MikTex\tex/latex/xkeyval\xkeyval.sty
Package: xkeyval 2022/06/16 v2.9 package option processing (HA)

(S:\MikTex\tex/generic/xkeyval\xkeyval.tex
(S:\MikTex\tex/generic/xkeyval\xkvutils.tex
\XKV@toks=\toks19
\XKV@tempa@toks=\toks20
)
\XKV@depth=\count271
File: xkeyval.tex 2014/12/03 v2.7a key=value parser (HA)
))
(S:\MikTex\tex/latex/adjustbox\adjcalc.sty
Package: adjcalc 2012/05/16 v1.1 Provides advanced setlength with multiple back
-ends (calc, etex, pgfmath)
)
(S:\MikTex\tex/latex/adjustbox\trimclip.sty
Package: trimclip 2020/08/19 v1.2 Trim and clip general TeX material

(S:\MikTex\tex/latex/collectbox\collectbox.sty
Package: collectbox 2022/10/17 v0.4c Collect macro arguments as boxes
\collectedbox=\box53
)
\tc@llx=\dimen147
\tc@lly=\dimen148
\tc@urx=\dimen149
\tc@ury=\dimen150
Package trimclip Info: Using driver 'tc-pdftex.def'.

(S:\MikTex\tex/latex/adjustbox\tc-pdftex.def
File: tc-pdftex.def 2019/01/04 v2.2 Clipping driver for pdftex
))
\adjbox@Width=\dimen151
\adjbox@Height=\dimen152
\adjbox@Depth=\dimen153
\adjbox@Totalheight=\dimen154
\adjbox@pwidth=\dimen155
\adjbox@pheight=\dimen156
\adjbox@pdepth=\dimen157
\adjbox@ptotalheight=\dimen158

(S:\MikTex\tex/latex/ifoddpage\ifoddpage.sty
Package: ifoddpage 2022/10/18 v1.2 Conditionals for odd/even page detection
\c@checkoddpage=\count272
)
(S:\MikTex\tex/latex/varwidth\varwidth.sty
Package: varwidth 2009/03/30 ver 0.92;  Variable-width minipages
\@vwid@box=\box54
\sift@deathcycles=\count273
\@vwid@loff=\dimen159
\@vwid@roff=\dimen160
))
(S:\MikTex\tex/latex/l3backend\l3backend-pdftex.def
File: l3backend-pdftex.def 2023-03-30 L3 backend support: PDF output (pdfTeX)
\l__color_backend_stack_int=\count274
\l__pdf_internal_box=\box55
)
(frames_extractor_manual.aux)
\openout1 = `frames_extractor_manual.aux'.

LaTeX Font Info:    Checking defaults for OML/cmm/m/it on input line 9.
LaTeX Font Info:    ... okay on input line 9.
LaTeX Font Info:    Checking defaults for OMS/cmsy/m/n on input line 9.
LaTeX Font Info:    ... okay on input line 9.
LaTeX Font Info:    Checking defaults for OT1/cmr/m/n on input line 9.
LaTeX Font Info:    ... okay on input line 9.
LaTeX Font Info:    Checking defaults for T1/cmr/m/n on input line 9.
LaTeX Font Info:    ... okay on input line 9.
LaTeX Font Info:    Checking defaults for TS1/cmr/m/n on input line 9.
LaTeX Font Info:    ... okay on input line 9.
LaTeX Font Info:    Checking defaults for OMX/cmex/m/n on input line 9.
LaTeX Font Info:    ... okay on input line 9.
LaTeX Font Info:    Checking defaults for U/cmr/m/n on input line 9.
LaTeX Font Info:    ... okay on input line 9.
LaTeX Font Info:    Checking defaults for PD1/pdf/m/n on input line 9.
LaTeX Font Info:    ... okay on input line 9.
LaTeX Font Info:    Checking defaults for PU/pdf/m/n on input line 9.
LaTeX Font Info:    ... okay on input line 9.
 (S:\MikTex\tex/context/base/mkii\supp-pdf.mkii
[Loading MPS to PDF converter (version 2006.09.02).]
\scratchcounter=\count275
\scratchdimen=\dimen161
\scratchbox=\box56
\nofMPsegments=\count276
\nofMParguments=\count277
\everyMPshowfont=\toks21
\MPscratchCnt=\count278
\MPscratchDim=\dimen162
\MPnumerator=\count279
\makeMPintoPDFobject=\count280
\everyMPtoPDFconversion=\toks22
) (S:\MikTex\tex/latex/epstopdf-pkg\epstopdf-base.sty
Package: epstopdf-base 2020-01-24 v2.11 Base part for package epstopdf
Package epstopdf-base Info: Redefining graphics rule for `.eps' on input line 4
85.

(S:\MikTex\tex/latex/00miktex\epstopdf-sys.cfg
File: epstopdf-sys.cfg 2021/03/18 v2.0 Configuration of epstopdf for MiKTeX
))
Package hyperref Info: Link coloring OFF on input line 9.
 (frames_extractor_manual.out)
(frames_extractor_manual.out)
\@outlinefile=\write3
\openout3 = `frames_extractor_manual.out'.

LaTeX Font Info:    External font `cmex10' loaded for size
(Font)              <14.4> on input line 17.
LaTeX Font Info:    External font `cmex10' loaded for size
(Font)              <7> on input line 17.
 [1

{C:/Users/Bazylax/AppData/Local/MiKTeX/fonts/map/pdftex/pdftex.map}]
LaTeX Font Info:    Trying to load font information for T1+cmtt on input line 2
5.
 (S:\MikTex\tex/latex/base\t1cmtt.fd
File: t1cmtt.fd 2022/07/10 v2.5l Standard LaTeX font definitions
)
LaTeX Font Info:    External font `cmex10' loaded for size
(Font)              <12> on input line 25.
LaTeX Font Info:    External font `cmex10' loaded for size
(Font)              <8> on input line 25.
LaTeX Font Info:    External font `cmex10' loaded for size
(Font)              <6> on input line 25.
<./images//python_install1.png, id=11, 916.1728pt x 608.2725pt>
File: ./images//python_install1.png Graphic file (type png)
<use ./images//python_install1.png>
Package pdftex.def Info: ./images//python_install1.png  used on input line 29.
(pdftex.def)             Requested size: 267.8215pt x 177.81458pt.
<./images//python_install2.png, id=13, 497.4585pt x 305.943pt>
File: ./images//python_install2.png Graphic file (type png)
<use ./images//python_install2.png>
Package pdftex.def Info: ./images//python_install2.png  used on input line 37.
(pdftex.def)             Requested size: 267.8215pt x 164.71657pt.
<./images//python_install3.png, id=14, 498.663pt x 305.34074pt>
File: ./images//python_install3.png Graphic file (type png)
<use ./images//python_install3.png>
Package pdftex.def Info: ./images//python_install3.png  used on input line 46.
(pdftex.def)             Requested size: 267.8215pt x 163.99165pt.

Overfull \hbox (12.527pt too wide) in paragraph at lines 43--51
\T1/cmr/m/n/12 Choose Cus-tomize In-stal-la-tion, check op-tion "Add Python to 
PATH"
 []

[1 <./images//python_install1.png> <./images//python_install2.png>]
<./images//python_install4.png, id=26, 498.06075pt x 305.34074pt>
File: ./images//python_install4.png Graphic file (type png)
<use ./images//python_install4.png>
Package pdftex.def Info: ./images//python_install4.png  used on input line 54.
(pdftex.def)             Requested size: 267.8215pt x 164.19666pt.
<./images//python_install5.png, id=27, 497.4585pt x 305.943pt>
File: ./images//python_install5.png Graphic file (type png)
<use ./images//python_install5.png>
Package pdftex.def Info: ./images//python_install5.png  used on input line 62.
(pdftex.def)             Requested size: 267.8215pt x 164.71657pt.
 [2 <./images//python_install3.png> <./images//python_install4.png> <./images//
python_install5.png>]
<./images//python_install6.png, id=35, 422.7795pt x 464.937pt>
File: ./images//python_install6.png Graphic file (type png)
<use ./images//python_install6.png>
Package pdftex.def Info: ./images//python_install6.png  used on input line 73.
(pdftex.def)             Requested size: 250.24367pt x 275.20433pt.
<./images//python_install7.png, id=36, 356.532pt x 396.2805pt>
File: ./images//python_install7.png Graphic file (type png)
<use ./images//python_install7.png>
Package pdftex.def Info: ./images//python_install7.png  used on input line 81.
(pdftex.def)             Requested size: 250.24367pt x 278.1503pt.
 [3 <./images//python_install6.png>]
Overfull \hbox (16.99962pt too wide) in paragraph at lines 90--91
[]\T1/cmr/m/n/12 Go to []$\T1/cmtt/m/n/12 https : / / www . jetbrains . com / p
ycharm / download / ?section =
 []

<./images//pycharm_install1.png, id=44, 1404.74812pt x 707.64375pt>
File: ./images//pycharm_install1.png Graphic file (type png)
<use ./images//pycharm_install1.png>
Package pdftex.def Info: ./images//pycharm_install1.png  used on input line 94.

(pdftex.def)             Requested size: 267.8215pt x 134.90721pt.
<./images//pycharm_install2.png, id=45, 372.64218pt x 290.58563pt>
File: ./images//pycharm_install2.png Graphic file (type png)
<use ./images//pycharm_install2.png>
Package pdftex.def Info: ./images//pycharm_install2.png  used on input line 102
.
(pdftex.def)             Requested size: 267.8215pt x 208.85347pt.
[4 <./images//python_install7.png> <./images//pycharm_install1.png>]
<./images//pycharm_install3.png, id=54, 374.14781pt x 289.83281pt>
File: ./images//pycharm_install3.png Graphic file (type png)
<use ./images//pycharm_install3.png>
Package pdftex.def Info: ./images//pycharm_install3.png  used on input line 110
.
(pdftex.def)             Requested size: 267.8215pt x 207.47653pt.

Underfull \hbox (badness 10000) in paragraph at lines 117--119
[][]\T1/cmtt/m/n/12 Frames_extractor []\T1/cmr/m/n/12 folder.
 []


Underfull \hbox (badness 10000) in paragraph at lines 117--119

 []

[5 <./images//pycharm_install2.png> <./images//pycharm_install3.png>]
<./images//run1.png, id=62, 752.0597pt x 342.5297pt>
File: ./images//run1.png Graphic file (type png)
<use ./images//run1.png>
Package pdftex.def Info: ./images//run1.png  used on input line 124.
(pdftex.def)             Requested size: 267.8215pt x 121.98303pt.
<./images//run2.png, id=63, 380.01974pt x 171.64125pt>
File: ./images//run2.png Graphic file (type png)
<use ./images//run2.png>
Package pdftex.def Info: ./images//run2.png  used on input line 132.
(pdftex.def)             Requested size: 267.8215pt x 120.97041pt.
<./images//run3.png, id=64, 1123.19624pt x 564.30824pt>
File: ./images//run3.png Graphic file (type png)
<use ./images//run3.png>
Package pdftex.def Info: ./images//run3.png  used on input line 140.
(pdftex.def)             Requested size: 267.8215pt x 134.54984pt.

Underfull \hbox (badness 10000) in paragraph at lines 137--146
\T1/cmr/m/n/12 re-quire-ments.txt file. Click ok if ev-ery-thing is set.
 []


Underfull \hbox (badness 10000) in paragraph at lines 137--146

 []

<./images//run4.png, id=65, 221.628pt x 21.07875pt>
File: ./images//run4.png Graphic file (type png)
<use ./images//run4.png>
Package pdftex.def Info: ./images//run4.png  used on input line 149.
(pdftex.def)             Requested size: 267.8215pt x 25.4722pt.
[6 <./images//run1.png> <./images//run2.png> <./images//run3.png> <./images//ru
n4.png>]
<./images//window1.png, id=75, 313.17pt x 220.57407pt>
File: ./images//window1.png Graphic file (type png)
<use ./images//window1.png>
Package pdftex.def Info: ./images//window1.png  used on input line 158.
(pdftex.def)             Requested size: 288.50134pt x 203.20657pt.
<./images//window2.png, id=76, 450.18187pt x 222.07968pt>
File: ./images//window2.png Graphic file (type png)
<use ./images//window2.png>
Package pdftex.def Info: ./images//window2.png  used on input line 174.
(pdftex.def)             Requested size: 288.50134pt x 142.32704pt.
 [7 <./images//window1.png>] [8 <./images//window2.png>]
(frames_extractor_manual.aux)
Package rerunfilecheck Info: File `frames_extractor_manual.out' has not changed
.
(rerunfilecheck)             Checksum: D41D8CD98F00B204E9800998ECF8427E;0.
 ) 
Here is how much of TeX's memory you used:
 9735 strings out of 476331
 155759 string characters out of 5804174
 1855660 words of memory out of 5000000
 30036 multiletter control sequences out of 15000+600000
 519666 words of font info for 50 fonts, out of 8000000 for 9000
 1141 hyphenation exceptions out of 8191
 75i,6n,76p,371b,639s stack positions out of 10000i,1000n,20000p,200000b,200000s
 <C:\Users\Bazylax\AppData\Local\MiKTeX\fonts/pk/ljfour/jknappen/ec/dpi600\ec
bx1200.pk> <C:\Users\Bazylax\AppData\Local\MiKTeX\fonts/pk/ljfour/jknappen/ec/d
pi600\ectt1200.pk> <C:\Users\Bazylax\AppData\Local\MiKTeX\fonts/pk/ljfour/jknap
pen/ec/dpi600\tcrm1200.pk> <C:\Users\Bazylax\AppData\Local\MiKTeX\fonts/pk/ljfo
ur/jknappen/ec/dpi600\ecrm1200.pk> <C:\Users\Bazylax\AppData\Local\MiKTeX\fonts
/pk/ljfour/jknappen/ec/dpi600\ecrm1440.pk> <C:\Users\Bazylax\AppData\Local\MiKT
eX\fonts/pk/ljfour/jknappen/ec/dpi600\ecrm2074.pk>
Output written on frames_extractor_manual.pdf (9 pages, 1131908 bytes).
PDF statistics:
 267 PDF objects out of 1000 (max. 8388607)
 17 named destinations out of 1000 (max. 500000)
 81 words of extra memory for PDF output out of 10000 (max. 10000000)

