This is pdfTeX, Version 3.141592653-2.6-1.40.25 (MiKTeX 23.4) (preloaded format=pdflatex 2023.7.19)  28 NOV 2023 12:43
entering extended mode
 restricted \write18 enabled.
 %&-line parsing enabled.
**./GoPro_MAX_video_parser_manual.tex
(GoPro_MAX_video_parser_manual.tex
LaTeX2e <2022-11-01> patch level 1
L3 programming layer <2023-03-30> (S:\MikTex\tex/latex/base\book.cls
Document Class: book 2022/07/02 v1.4n Standard LaTeX document class
(S:\MikTex\tex/latex/base\bk12.clo
File: bk12.clo 2022/07/02 v1.4n Standard LaTeX file (size option)
)
\c@part=\count185
\c@chapter=\count186
\c@section=\count187
\c@subsection=\count188
\c@subsubsection=\count189
\c@paragraph=\count190
\c@subparagraph=\count191
\c@figure=\count192
\c@table=\count193
\abovecaptionskip=\skip48
\belowcaptionskip=\skip49
\bibindent=\dimen140
) (S:\MikTex\tex/latex/graphics\graphicx.sty
Package: graphicx 2021/09/16 v1.2d Enhanced LaTeX Graphics (DPC,SPQR)
(S:\MikTex\tex/latex/graphics\keyval.sty
Package: keyval 2022/05/29 v1.15 key=value parser (DPC)
\KV@toks@=\toks16
)
(S:\MikTex\tex/latex/graphics\graphics.sty
Package: graphics 2022/03/10 v1.4e Standard LaTeX Graphics (DPC,SPQR)

(S:\MikTex\tex/latex/graphics\trig.sty
Package: trig 2021/08/11 v1.11 sin cos tan (DPC)
)
(S:\MikTex\tex/latex/graphics-cfg\graphics.cfg
File: graphics.cfg 2016/06/04 v1.11 sample graphics configuration
)
Package graphics Info: Driver file: pdftex.def on input line 107.

(S:\MikTex\tex/latex/graphics-def\pdftex.def
File: pdftex.def 2022/09/22 v1.2b Graphics/color driver for pdftex
))
\Gin@req@height=\dimen141
\Gin@req@width=\dimen142
)
(S:\MikTex\tex/latex/float\float.sty
Package: float 2001/11/08 v1.3d Float enhancements (AL)
\c@float@type=\count194
\float@exts=\toks17
\float@box=\box51
\@float@everytoks=\toks18
\@floatcapt=\box52
) (S:\MikTex\tex/latex/base\fontenc.sty
Package: fontenc 2021/04/29 v2.0v Standard LaTeX package
)
(S:\MikTex\tex/latex/hyperref\hyperref.sty
Package: hyperref 2023-02-07 v7.00v Hypertext links for LaTeX

(S:\MikTex\tex/generic/ltxcmds\ltxcmds.sty
Package: ltxcmds 2020-05-10 v1.25 LaTeX kernel commands for general use (HO)
)
(S:\MikTex\tex/generic/iftex\iftex.sty
Package: iftex 2022/02/03 v1.0f TeX engine tests
)
(S:\MikTex\tex/generic/pdftexcmds\pdftexcmds.sty
Package: pdftexcmds 2020-06-27 v0.33 Utility functions of pdfTeX for LuaTeX (HO
)

(S:\MikTex\tex/generic/infwarerr\infwarerr.sty
Package: infwarerr 2019/12/03 v1.5 Providing info/warning/error messages (HO)
)
Package pdftexcmds Info: \pdf@primitive is available.
Package pdftexcmds Info: \pdf@ifprimitive is available.
Package pdftexcmds Info: \pdfdraftmode found.
)
(S:\MikTex\tex/latex/kvsetkeys\kvsetkeys.sty
Package: kvsetkeys 2022-10-05 v1.19 Key value parser (HO)
)
(S:\MikTex\tex/generic/kvdefinekeys\kvdefinekeys.sty
Package: kvdefinekeys 2019-12-19 v1.6 Define keys (HO)
)
(S:\MikTex\tex/generic/pdfescape\pdfescape.sty
Package: pdfescape 2019/12/09 v1.15 Implements pdfTeX's escape features (HO)
)
(S:\MikTex\tex/latex/hycolor\hycolor.sty
Package: hycolor 2020-01-27 v1.10 Color options for hyperref/bookmark (HO)
)
(S:\MikTex\tex/latex/letltxmacro\letltxmacro.sty
Package: letltxmacro 2019/12/03 v1.6 Let assignment for LaTeX macros (HO)
)
(S:\MikTex\tex/latex/auxhook\auxhook.sty
Package: auxhook 2019-12-17 v1.6 Hooks for auxiliary files (HO)
)
(S:\MikTex\tex/latex/hyperref\nameref.sty
Package: nameref 2022-05-17 v2.50 Cross-referencing by name of section

(S:\MikTex\tex/latex/refcount\refcount.sty
Package: refcount 2019/12/15 v3.6 Data extraction from label references (HO)
)
(S:\MikTex\tex/generic/gettitlestring\gettitlestring.sty
Package: gettitlestring 2019/12/15 v1.6 Cleanup title references (HO)

(S:\MikTex\tex/latex/kvoptions\kvoptions.sty
Package: kvoptions 2022-06-15 v3.15 Key value format for package options (HO)
))
\c@section@level=\count195
)
\@linkdim=\dimen143
\Hy@linkcounter=\count196
\Hy@pagecounter=\count197

(S:\MikTex\tex/latex/hyperref\pd1enc.def
File: pd1enc.def 2023-02-07 v7.00v Hyperref: PDFDocEncoding definition (HO)
Now handling font encoding PD1 ...
... no UTF-8 mapping file for font encoding PD1
)
(S:\MikTex\tex/generic/intcalc\intcalc.sty
Package: intcalc 2019/12/15 v1.3 Expandable calculations with integers (HO)
)
(S:\MikTex\tex/generic/etexcmds\etexcmds.sty
Package: etexcmds 2019/12/15 v1.7 Avoid name clashes with e-TeX commands (HO)
)
\Hy@SavedSpaceFactor=\count198

(S:\MikTex\tex/latex/hyperref\puenc.def
File: puenc.def 2023-02-07 v7.00v Hyperref: PDF Unicode definition (HO)
Now handling font encoding PU ...
... no UTF-8 mapping file for font encoding PU
)
Package hyperref Info: Hyper figures OFF on input line 4177.
Package hyperref Info: Link nesting OFF on input line 4182.
Package hyperref Info: Hyper index ON on input line 4185.
Package hyperref Info: Plain pages OFF on input line 4192.
Package hyperref Info: Backreferencing OFF on input line 4197.
Package hyperref Info: Implicit mode ON; LaTeX internals redefined.
Package hyperref Info: Bookmarks ON on input line 4425.
\c@Hy@tempcnt=\count199
 (S:\MikTex\tex/latex/url\url.sty
\Urlmuskip=\muskip16
Package: url 2013/09/16  ver 3.4  Verb mode for urls, etc.
)
LaTeX Info: Redefining \url on input line 4763.
\XeTeXLinkMargin=\dimen144

(S:\MikTex\tex/generic/bitset\bitset.sty
Package: bitset 2019/12/09 v1.3 Handle bit-vector datatype (HO)

(S:\MikTex\tex/generic/bigintcalc\bigintcalc.sty
Package: bigintcalc 2019/12/15 v1.5 Expandable calculations on big integers (HO
)
))
\Fld@menulength=\count266
\Field@Width=\dimen145
\Fld@charsize=\dimen146
Package hyperref Info: Hyper figures OFF on input line 6042.
Package hyperref Info: Link nesting OFF on input line 6047.
Package hyperref Info: Hyper index ON on input line 6050.
Package hyperref Info: backreferencing OFF on input line 6057.
Package hyperref Info: Link coloring OFF on input line 6062.
Package hyperref Info: Link coloring with OCG OFF on input line 6067.
Package hyperref Info: PDF/A mode OFF on input line 6072.

(S:\MikTex\tex/latex/base\atbegshi-ltx.sty
Package: atbegshi-ltx 2021/01/10 v1.0c Emulation of the original atbegshi
package with kernel methods
)
\Hy@abspage=\count267
\c@Item=\count268
\c@Hfootnote=\count269
)
Package hyperref Info: Driver (autodetected): hpdftex.

(S:\MikTex\tex/latex/hyperref\hpdftex.def
File: hpdftex.def 2023-02-07 v7.00v Hyperref driver for pdfTeX

(S:\MikTex\tex/latex/base\atveryend-ltx.sty
Package: atveryend-ltx 2020/08/19 v1.0a Emulation of the original atveryend pac
kage
with kernel methods
)
\Fld@listcount=\count270
\c@bookmark@seq@number=\count271

(S:\MikTex\tex/latex/rerunfilecheck\rerunfilecheck.sty
Package: rerunfilecheck 2022-07-10 v1.10 Rerun checks for auxiliary files (HO)

(S:\MikTex\tex/generic/uniquecounter\uniquecounter.sty
Package: uniquecounter 2019/12/15 v1.4 Provide unlimited unique counter (HO)
)
Package uniquecounter Info: New unique counter `rerunfilecheck' on input line 2
85.
)
\Hy@SectionHShift=\skip50
)
(S:\MikTex\tex/latex/adjustbox\adjustbox.sty
Package: adjustbox 2022/10/17 v1.3a Adjusting TeX boxes (trim, clip, ...)

(S:\MikTex\tex/latex/xkeyval\xkeyval.sty
Package: xkeyval 2022/06/16 v2.9 package option processing (HA)

(S:\MikTex\tex/generic/xkeyval\xkeyval.tex
(S:\MikTex\tex/generic/xkeyval\xkvutils.tex
\XKV@toks=\toks19
\XKV@tempa@toks=\toks20
)
\XKV@depth=\count272
File: xkeyval.tex 2014/12/03 v2.7a key=value parser (HA)
))
(S:\MikTex\tex/latex/adjustbox\adjcalc.sty
Package: adjcalc 2012/05/16 v1.1 Provides advanced setlength with multiple back
-ends (calc, etex, pgfmath)
)
(S:\MikTex\tex/latex/adjustbox\trimclip.sty
Package: trimclip 2020/08/19 v1.2 Trim and clip general TeX material

(S:\MikTex\tex/latex/collectbox\collectbox.sty
Package: collectbox 2022/10/17 v0.4c Collect macro arguments as boxes
\collectedbox=\box53
)
\tc@llx=\dimen147
\tc@lly=\dimen148
\tc@urx=\dimen149
\tc@ury=\dimen150
Package trimclip Info: Using driver 'tc-pdftex.def'.

(S:\MikTex\tex/latex/adjustbox\tc-pdftex.def
File: tc-pdftex.def 2019/01/04 v2.2 Clipping driver for pdftex
))
\adjbox@Width=\dimen151
\adjbox@Height=\dimen152
\adjbox@Depth=\dimen153
\adjbox@Totalheight=\dimen154
\adjbox@pwidth=\dimen155
\adjbox@pheight=\dimen156
\adjbox@pdepth=\dimen157
\adjbox@ptotalheight=\dimen158

(S:\MikTex\tex/latex/ifoddpage\ifoddpage.sty
Package: ifoddpage 2022/10/18 v1.2 Conditionals for odd/even page detection
\c@checkoddpage=\count273
)
(S:\MikTex\tex/latex/varwidth\varwidth.sty
Package: varwidth 2009/03/30 ver 0.92;  Variable-width minipages
\@vwid@box=\box54
\sift@deathcycles=\count274
\@vwid@loff=\dimen159
\@vwid@roff=\dimen160
))
(S:\MikTex\tex/latex/l3backend\l3backend-pdftex.def
File: l3backend-pdftex.def 2023-03-30 L3 backend support: PDF output (pdfTeX)
\l__color_backend_stack_int=\count275
\l__pdf_internal_box=\box55
)
(GoPro_MAX_video_parser_manual.aux)
\openout1 = `GoPro_MAX_video_parser_manual.aux'.

LaTeX Font Info:    Checking defaults for OML/cmm/m/it on input line 9.
LaTeX Font Info:    ... okay on input line 9.
LaTeX Font Info:    Checking defaults for OMS/cmsy/m/n on input line 9.
LaTeX Font Info:    ... okay on input line 9.
LaTeX Font Info:    Checking defaults for OT1/cmr/m/n on input line 9.
LaTeX Font Info:    ... okay on input line 9.
LaTeX Font Info:    Checking defaults for T1/cmr/m/n on input line 9.
LaTeX Font Info:    ... okay on input line 9.
LaTeX Font Info:    Checking defaults for TS1/cmr/m/n on input line 9.
LaTeX Font Info:    ... okay on input line 9.
LaTeX Font Info:    Checking defaults for OMX/cmex/m/n on input line 9.
LaTeX Font Info:    ... okay on input line 9.
LaTeX Font Info:    Checking defaults for U/cmr/m/n on input line 9.
LaTeX Font Info:    ... okay on input line 9.
LaTeX Font Info:    Checking defaults for PD1/pdf/m/n on input line 9.
LaTeX Font Info:    ... okay on input line 9.
LaTeX Font Info:    Checking defaults for PU/pdf/m/n on input line 9.
LaTeX Font Info:    ... okay on input line 9.

(S:\MikTex\tex/context/base/mkii\supp-pdf.mkii
[Loading MPS to PDF converter (version 2006.09.02).]
\scratchcounter=\count276
\scratchdimen=\dimen161
\scratchbox=\box56
\nofMPsegments=\count277
\nofMParguments=\count278
\everyMPshowfont=\toks21
\MPscratchCnt=\count279
\MPscratchDim=\dimen162
\MPnumerator=\count280
\makeMPintoPDFobject=\count281
\everyMPtoPDFconversion=\toks22
) (S:\MikTex\tex/latex/epstopdf-pkg\epstopdf-base.sty
Package: epstopdf-base 2020-01-24 v2.11 Base part for package epstopdf
Package epstopdf-base Info: Redefining graphics rule for `.eps' on input line 4
85.

(S:\MikTex\tex/latex/00miktex\epstopdf-sys.cfg
File: epstopdf-sys.cfg 2021/03/18 v2.0 Configuration of epstopdf for MiKTeX
))
Package hyperref Info: Link coloring OFF on input line 9.

(GoPro_MAX_video_parser_manual.out) (GoPro_MAX_video_parser_manual.out)
\@outlinefile=\write3
\openout3 = `GoPro_MAX_video_parser_manual.out'.

LaTeX Font Info:    External font `cmex10' loaded for size
(Font)              <14.4> on input line 17.
LaTeX Font Info:    External font `cmex10' loaded for size
(Font)              <7> on input line 17.

[1


{C:/Users/Bazylax/AppData/Local/MiKTeX/fonts/map/pdftex/pdftex.map}]
(GoPro_MAX_video_parser_manual.toc
LaTeX Font Info:    External font `cmex10' loaded for size
(Font)              <12> on input line 4.
LaTeX Font Info:    External font `cmex10' loaded for size
(Font)              <8> on input line 4.
LaTeX Font Info:    External font `cmex10' loaded for size
(Font)              <6> on input line 4.
)
\tf@toc=\write4
\openout4 = `GoPro_MAX_video_parser_manual.toc'.

 [1

] [2

]
Chapter 1.

Underfull \hbox (badness 10000) in paragraph at lines 22--23

 []


Underfull \hbox (badness 10000) in paragraph at lines 26--27

 []


Underfull \hbox (badness 10000) in paragraph at lines 28--29

 []


Underfull \hbox (badness 10000) in paragraph at lines 37--38

 []

[3]
Underfull \vbox (badness 1389) has occurred while \output is active []

 [4]
[5] [6

]
Chapter 2.
LaTeX Font Info:    Trying to load font information for T1+cmtt on input line 8
2.
(S:\MikTex\tex/latex/base\t1cmtt.fd
File: t1cmtt.fd 2022/07/10 v2.5l Standard LaTeX font definitions
)
<./images//gopro_update1.png, id=126, 693.34032pt x 1541.76pt>
File: ./images//gopro_update1.png Graphic file (type png)
<use ./images//gopro_update1.png>
Package pdftex.def Info: ./images//gopro_update1.png  used on input line 89.
(pdftex.def)             Requested size: 267.8215pt x 595.56732pt.

Underfull \vbox (badness 10000) has occurred while \output is active []

 [7]
Overfull \vbox (5.41737pt too high) has occurred while \output is active []


[8 <./images//gopro_update1.png>] [9] [10

]
Chapter 3.
<./images//GoPro_manual_fragment.png, id=148, 191.9672pt x 103.13531pt>
File: ./images//GoPro_manual_fragment.png Graphic file (type png)
<use ./images//GoPro_manual_fragment.png>
Package pdftex.def Info: ./images//GoPro_manual_fragment.png  used on input lin
e 109.
(pdftex.def)             Requested size: 191.96672pt x 103.13504pt.

Underfull \hbox (badness 10000) in paragraph at lines 112--113

 []

[11 <./images//GoPro_manual_fragment.png>]
Underfull \hbox (badness 10000) in paragraph at lines 122--123

 []


Underfull \hbox (badness 10000) in paragraph at lines 128--129

 []


Underfull \hbox (badness 10000) in paragraph at lines 130--131

 []

<./images//camera_connected.jpg, id=157, 308.352pt x 173.448pt>
File: ./images//camera_connected.jpg Graphic file (type jpg)
<use ./images//camera_connected.jpg>
Package pdftex.def Info: ./images//camera_connected.jpg  used on input line 138
.
(pdftex.def)             Requested size: 308.35124pt x 173.44757pt.

Underfull \vbox (badness 2671) has occurred while \output is active []

 [12]
Underfull \hbox (badness 10000) in paragraph at lines 142--143

 []


Overfull \hbox (19.40674pt too wide) in paragraph at lines 144--145
[]$[]$ 
 []


Underfull \hbox (badness 10000) in paragraph at lines 144--145

 []

<./images//recording_location.png, id=165, 455.45157pt x 223.58531pt>
File: ./images//recording_location.png Graphic file (type png)
<use ./images//recording_location.png>
Package pdftex.def Info: ./images//recording_location.png  used on input line 1
51.
(pdftex.def)             Requested size: 455.45045pt x 223.58475pt.

Overfull \hbox (65.45045pt too wide) in paragraph at lines 151--152
 [][] 
 []


Underfull \vbox (badness 10000) has occurred while \output is active []

 [13 <./images//camera_connected.jpg>]
Overfull \hbox (17.6084pt too wide) in paragraph at lines 155--156
[]\T1/cmr/m/n/12 360 videos' names and their LRV ver-sions start with GS e.g. G
S020007.360,
 []


Underfull \hbox (badness 10000) in paragraph at lines 155--156

 []


Underfull \hbox (badness 10000) in paragraph at lines 157--158

 []

[14 <./images//recording_location.png>]
Chapter 4.
<./images//ffmpeg_install1.png, id=182, 602.25pt x 312.41719pt>
File: ./images//ffmpeg_install1.png Graphic file (type png)
<use ./images//ffmpeg_install1.png>
Package pdftex.def Info: ./images//ffmpeg_install1.png  used on input line 168.

(pdftex.def)             Requested size: 288.50134pt x 149.66298pt.
<./images//ffmpeg_install2.png, id=183, 597.73312pt x 372.64218pt>
File: ./images//ffmpeg_install2.png Graphic file (type png)
<use ./images//ffmpeg_install2.png>
Package pdftex.def Info: ./images//ffmpeg_install2.png  used on input line 176.

(pdftex.def)             Requested size: 288.50134pt x 179.86127pt.

Underfull \vbox (badness 10000) has occurred while \output is active []

 [15

 <./images//ffmpeg_install1.png>]
<./images//python_install6.png, id=190, 422.7795pt x 464.937pt>
File: ./images//python_install6.png Graphic file (type png)
<use ./images//python_install6.png>
Package pdftex.def Info: ./images//python_install6.png  used on input line 188.

(pdftex.def)             Requested size: 267.8215pt x 294.54355pt.

Underfull \vbox (badness 10000) has occurred while \output is active []

 [16 <./images//ffmpeg_install2.png>]
<./images//ffmpeg_install3.png, id=198, 394.47375pt x 375.65344pt>
File: ./images//ffmpeg_install3.png Graphic file (type png)
<use ./images//ffmpeg_install3.png>
Package pdftex.def Info: ./images//ffmpeg_install3.png  used on input line 196.

(pdftex.def)             Requested size: 267.8215pt x 255.04544pt.
 [17 <./images//python_install6.png> <./images//ffmpeg_install3.png>]
<./images//python_install1.png, id=205, 916.1728pt x 608.2725pt>
File: ./images//python_install1.png Graphic file (type png)
<use ./images//python_install1.png>
Package pdftex.def Info: ./images//python_install1.png  used on input line 210.

(pdftex.def)             Requested size: 288.50134pt x 191.54189pt.
<./images//python_install2.png, id=206, 497.4585pt x 305.943pt>
File: ./images//python_install2.png Graphic file (type png)
<use ./images//python_install2.png>
Package pdftex.def Info: ./images//python_install2.png  used on input line 218.

(pdftex.def)             Requested size: 288.50134pt x 177.43771pt.

Underfull \vbox (badness 10000) has occurred while \output is active []

 [18 <./images//python_install1.png>]
<./images//python_install3.png, id=215, 498.663pt x 305.34074pt>
File: ./images//python_install3.png Graphic file (type png)
<use ./images//python_install3.png>
Package pdftex.def Info: ./images//python_install3.png  used on input line 227.

(pdftex.def)             Requested size: 288.50134pt x 176.65514pt.
<./images//python_install4.png, id=216, 498.06075pt x 305.34074pt>
File: ./images//python_install4.png Graphic file (type png)
<use ./images//python_install4.png>
Package pdftex.def Info: ./images//python_install4.png  used on input line 235.

(pdftex.def)             Requested size: 288.50134pt x 176.87411pt.

Underfull \vbox (badness 10000) has occurred while \output is active []

 [19 <./images//python_install2.png> <./images//python_install3.png>]
<./images//python_install5.png, id=226, 497.4585pt x 305.943pt>
File: ./images//python_install5.png Graphic file (type png)
<use ./images//python_install5.png>
Package pdftex.def Info: ./images//python_install5.png  used on input line 243.

(pdftex.def)             Requested size: 288.50134pt x 177.43771pt.
File: ./images//python_install6.png Graphic file (type png)
<use ./images//python_install6.png>
Package pdftex.def Info: ./images//python_install6.png  used on input line 254.

(pdftex.def)             Requested size: 267.8215pt x 294.54355pt.

Underfull \vbox (badness 1960) has occurred while \output is active []

 [20 <./images//python_install4.png> <./images//python_install5.png>]
<./images//python_install7.png, id=236, 356.532pt x 396.2805pt>
File: ./images//python_install7.png Graphic file (type png)
<use ./images//python_install7.png>
Package pdftex.def Info: ./images//python_install7.png  used on input line 262.

(pdftex.def)             Requested size: 267.8215pt x 297.70547pt.

Underfull \vbox (badness 10000) has occurred while \output is active []

 [21]
Underfull \vbox (badness 10000) has occurred while \output is active []

 [22 <./images//python_install7.png>]
Overfull \hbox (34.36438pt too wide) in paragraph at lines 273--274
[]\T1/cmr/m/n/12 Go to []$\T1/cmtt/m/n/12 https : / / www . jetbrains . com / p
ycharm / download / ?section = windows$[] 
 []

<./images//pycharm_install1.png, id=247, 1404.74812pt x 707.64375pt>
File: ./images//pycharm_install1.png Graphic file (type png)
<use ./images//pycharm_install1.png>
Package pdftex.def Info: ./images//pycharm_install1.png  used on input line 277
.
(pdftex.def)             Requested size: 288.50134pt x 145.32706pt.
<./images//pycharm_install2.png, id=248, 372.64218pt x 290.58563pt>
File: ./images//pycharm_install2.png Graphic file (type png)
<use ./images//pycharm_install2.png>
Package pdftex.def Info: ./images//pycharm_install2.png  used on input line 285
.
(pdftex.def)             Requested size: 288.50134pt x 224.97983pt.
<./images//pycharm_install3.png, id=249, 374.14781pt x 289.83281pt>
File: ./images//pycharm_install3.png Graphic file (type png)
<use ./images//pycharm_install3.png>
Package pdftex.def Info: ./images//pycharm_install3.png  used on input line 293
.
(pdftex.def)             Requested size: 288.50134pt x 223.4992pt.

Underfull \vbox (badness 2197) has occurred while \output is active []


Overfull \hbox (5.84065pt too wide) has occurred while \output is active
\T1/cmr/m/sl/12 4.3.  INSTALL IDE (INTEGRATED DEVELOPMENT ENVIRONMENT) \T1/cmr/
m/n/12 23
 []

[23 <./images//pycharm_install1.png> <./images//pycharm_install2.png>] [24 <./i
mages//pycharm_install3.png>]
Chapter 5.
<./images//player1.png, id=268, 1440.88312pt x 783.67781pt>
File: ./images//player1.png Graphic file (type png)
<use ./images//player1.png>
Package pdftex.def Info: ./images//player1.png  used on input line 308.
(pdftex.def)             Requested size: 288.50134pt x 156.91216pt.
<./images//player2.png, id=269, 1440.88312pt x 779.16093pt>
File: ./images//player2.png Graphic file (type png)
<use ./images//player2.png>
Package pdftex.def Info: ./images//player2.png  used on input line 316.
(pdftex.def)             Requested size: 288.50134pt x 156.00775pt.

Underfull \vbox (badness 10000) has occurred while \output is active []

 [25

 <./images//player1.png>]
<./images//player3.png, id=279, 466.74374pt x 446.41782pt>
File: ./images//player3.png Graphic file (type png)
<use ./images//player3.png>
Package pdftex.def Info: ./images//player3.png  used on input line 324.
(pdftex.def)             Requested size: 288.50134pt x 275.94514pt.
 [26 <./images//player2.png> <./images//player3.png>]
Chapter 6.

Overfull \hbox (32.39954pt too wide) in paragraph at lines 333--334
\T1/cmr/m/n/12 folder con-tain-ing [][]\T1/cmtt/m/n/12 GoPro_MAX_video_parser [
]\T1/cmr/m/n/12 and GoPro-Telemetry-Extractor.
 []


Overfull \hbox (3.24304pt too wide) in paragraph at lines 333--334
\T1/cmtt/m/n/12 github . com / miloszwojciechowski / Open-[]vslam-[]project$[] 
\T1/cmr/m/n/12 and ex-tract
 []

<./images//run1.png, id=287, 742.27313pt x 346.29375pt>
File: ./images//run1.png Graphic file (type png)
<use ./images//run1.png>
Package pdftex.def Info: ./images//run1.png  used on input line 337.
(pdftex.def)             Requested size: 288.50134pt x 134.5943pt.
<./images//run2.png, id=288, 380.01974pt x 171.64125pt>
File: ./images//run2.png Graphic file (type png)
<use ./images//run2.png>
Package pdftex.def Info: ./images//run2.png  used on input line 345.
(pdftex.def)             Requested size: 288.50134pt x 130.30988pt.

Underfull \vbox (badness 10000) has occurred while \output is active []

 [27

 <./images//run1.png>]
<./images//run3.png, id=296, 1123.19624pt x 564.30824pt>
File: ./images//run3.png Graphic file (type png)
<use ./images//run3.png>
Package pdftex.def Info: ./images//run3.png  used on input line 353.
(pdftex.def)             Requested size: 288.50134pt x 144.94289pt.

Underfull \hbox (badness 10000) in paragraph at lines 350--359
\T1/cmr/m/n/12 quire-ments.txt file. Click ok if ev-ery-thing is set.
 []


Underfull \hbox (badness 10000) in paragraph at lines 350--359

 []

<./images//run4.png, id=297, 221.628pt x 21.07875pt>
File: ./images//run4.png Graphic file (type png)
<use ./images//run4.png>
Package pdftex.def Info: ./images//run4.png  used on input line 362.
(pdftex.def)             Requested size: 288.50134pt x 27.439pt.
<./images//window1.png, id=298, 416.30531pt x 283.81032pt>
File: ./images//window1.png Graphic file (type png)
<use ./images//window1.png>
Package pdftex.def Info: ./images//window1.png  used on input line 371.
(pdftex.def)             Requested size: 288.50134pt x 196.6911pt.

Underfull \vbox (badness 10000) has occurred while \output is active []

 [28 <./images//run2.png> <./images//run3.png> <./images//run4.png>]
Overfull \hbox (3.01001pt too wide) in paragraph at lines 379--380
\T1/cmr/m/n/12 (for the dif-fer-ence check []$\T1/cmtt/m/n/12 https : / / gopro
 . com / content / dam / help /
 []

[29 <./images//window1.png>]
<./images//window2.png, id=316, 621.82312pt x 315.42844pt>
File: ./images//window2.png Graphic file (type png)
<use ./images//window2.png>
Package pdftex.def Info: ./images//window2.png  used on input line 388.
(pdftex.def)             Requested size: 288.50134pt x 146.34541pt.
 [30 <./images//window2.png>]
(GoPro_MAX_video_parser_manual.aux)

Package rerunfilecheck Warning: File `GoPro_MAX_video_parser_manual.out' has ch
anged.
(rerunfilecheck)                Rerun to get outlines right
(rerunfilecheck)                or use package `bookmark'.

Package rerunfilecheck Info: Checksums for `GoPro_MAX_video_parser_manual.out':

(rerunfilecheck)             Before: 12D30EEF977013B15278CD174251EB58;2189
(rerunfilecheck)             After:  2847CFD561A746C546CBFAC67EFAF6B2;2432.
 ) 
Here is how much of TeX's memory you used:
 9992 strings out of 476331
 160485 string characters out of 5804174
 1856660 words of memory out of 5000000
 30196 multiletter control sequences out of 15000+600000
 524262 words of font info for 56 fonts, out of 8000000 for 9000
 1141 hyphenation exceptions out of 8191
 75i,7n,76p,500b,589s stack positions out of 10000i,1000n,20000p,200000b,200000s
 <C:\Users\Bazylax\AppData\Local\MiKTeX\fonts/pk/ljfour/jknappen/ec/dpi600\ec
ti1200.pk> <C:\Users\Bazylax\AppData\Local\MiKTeX\fonts/pk/ljfour/jknappen/ec/d
pi600\ectt1200.pk> <C:\Users\Bazylax\AppData\Local\MiKTeX\fonts/pk/ljfour/jknap
pen/ec/dpi600\tcrm1200.pk> <C:\Users\Bazylax\AppData\Local\MiKTeX\fonts/pk/ljfo
ur/jknappen/ec/dpi600\ecbx1728.pk> <C:\Users\Bazylax\AppData\Local\MiKTeX\fonts
/pk/ljfour/jknappen/ec/dpi600\ecsl1200.pk> <C:\Users\Bazylax\AppData\Local\MiKT
eX\fonts/pk/ljfour/jknappen/ec/dpi600\ecrm1200.pk> <C:\Users\Bazylax\AppData\Lo
cal\MiKTeX\fonts/pk/ljfour/jknappen/ec/dpi600\ecbx1200.pk> <C:\Users\Bazylax\Ap
pData\Local\MiKTeX\fonts/pk/ljfour/jknappen/ec/dpi600\ecbx2488.pk> <C:\Users\Ba
zylax\AppData\Local\MiKTeX\fonts/pk/ljfour/jknappen/ec/dpi600\ecrm1440.pk> <C:\
Users\Bazylax\AppData\Local\MiKTeX\fonts/pk/ljfour/jknappen/ec/dpi600\ecrm2074.
pk>
Output written on GoPro_MAX_video_parser_manual.pdf (31 pages, 7738433 bytes).
PDF statistics:
 724 PDF objects out of 1000 (max. 8388607)
 104 named destinations out of 1000 (max. 500000)
 235 words of extra memory for PDF output out of 10000 (max. 10000000)

